Resolving dependencies...
Downloading packages...
  async 2.12.0 (2.13.0 available)
  characters 1.4.0 (1.4.1 available)
  fake_async 1.3.2 (1.3.3 available)
+ ffi 2.1.4
+ file 7.0.1
+ flutter_dotenv 5.2.1 (6.0.0 available)
  flutter_lints 5.0.0 (6.0.0 available)
+ flutter_staggered_grid_view 0.7.0
+ flutter_web_plugins 0.0.0 from sdk flutter
+ intl 0.19.0 (0.20.2 available)
  leak_tracker 10.0.8 (11.0.2 available)
  leak_tracker_flutter_testing 3.0.9 (3.0.10 available)
  leak_tracker_testing 3.0.1 (3.0.2 available)
  lints 5.1.1 (6.0.0 available)
  material_color_utilities 0.11.1 (0.13.0 available)
  meta 1.16.0 (1.17.0 available)
+ nested 1.0.0
  path 1.9.1 (from transitive dependency to direct dependency)
+ path_provider_linux 2.2.1
+ path_provider_platform_interface 2.1.2
+ path_provider_windows 2.3.0
+ platform 3.1.6
+ plugin_platform_interface 2.1.8
+ provider 6.1.5+1
+ shared_preferences 2.5.3
+ shared_preferences_android 2.4.13 (2.4.14 available)
+ shared_preferences_foundation 2.5.4
+ shared_preferences_linux 2.4.1
+ shared_preferences_platform_interface 2.4.1
+ shared_preferences_web 2.4.3
+ shared_preferences_windows 2.4.1
+ sqflite 2.4.2
+ sqflite_android 2.4.1 (2.4.2+2 available)
+ sqflite_common 2.5.5 (2.5.6 available)
+ sqflite_darwin 2.4.2
+ sqflite_platform_interface 2.4.0
+ synchronized 3.3.1 (3.4.0 available)
  test_api 0.7.4 (0.7.7 available)
  vector_math 2.1.4 (2.2.0 available)
  vm_service 14.3.1 (15.0.2 available)
+ web 1.1.1
+ xdg_directories 1.1.0
Changed 29 dependencies!
19 packages have newer versions incompatible with dependency constraints.
Try `flutter pub outdated` for more information.
